2022-06-30 19:06:28.327  INFO 15668 --- [main] lavalink.server.Launcher                 : 

[32m       .  [31m _                  _ _       _    [32m__ _ _
[32m      /\\ [31m| | __ ___   ____ _| (_)_ __ | | __[32m\ \ \ \
[32m     ( ( )[31m| |/ _` \ \ / / _` | | | '_ \| |/ /[32m \ \ \ \
[32m      \\/ [31m| | (_| |\ V / (_| | | | | | |   < [32m  ) ) ) )
[32m       '  [31m|_|\__,_| \_/ \__,_|_|_|_| |_|_|\_\[32m / / / /
[0m    =========================================[32m/_/_/_/[0m

	Version:        3.4
	Build:          1257
	Build time:     26.10.2021 14:18:37 UTC
	Branch          master
	Commit:         a364833
	Commit time:    26.10.2021 14:15:20 UTC
	JVM:            11.0.15.1
	Lavaplayer      1.3.96-original

2022-06-30 19:06:28.417  INFO 15668 --- [main] lavalink.server.Launcher                 : Starting Launcher on DESKTOP-GFKPCCM with PID 15668 (C:\Users\delis\Desktop\Discrod-C#-bot\Discord-Music-Bot\Lavalink.jar started by delis in C:\Users\delis\Desktop\Discrod-C#-bot\Discord-Music-Bot)
2022-06-30 19:06:28.418  INFO 15668 --- [main] lavalink.server.Launcher                 : No active profile set, falling back to default profiles: default
2022-06-30 19:06:28.484  WARN 15668 --- [background-preinit] o.s.h.c.j.Jackson2ObjectMapperBuilder    : For Jackson Kotlin classes support please add "com.fasterxml.jackson.module:jackson-module-kotlin" to the classpath
2022-06-30 19:06:29.376  WARN 15668 --- [main] io.undertow.websockets.jsr               : UT026010: Buffer pool was not set on WebSocketDeploymentInfo, the default pool will be used
2022-06-30 19:06:29.395  INFO 15668 --- [main] io.undertow.servlet                      : Initializing Spring embedded WebApplicationContext
2022-06-30 19:06:29.396  INFO 15668 --- [main] o.s.web.context.ContextLoader            : Root WebApplicationContext: initialization completed in 943 ms
2022-06-30 19:06:29.656  WARN 15668 --- [main] l.server.config.SentryConfiguration      : Turning off sentry
2022-06-30 19:06:29.877  INFO 15668 --- [main] c.s.d.l.tools.GarbageCollectionMonitor   : GC monitoring enabled, reporting results every 2 minutes.
2022-06-30 19:06:30.001  INFO 15668 --- [main] lavalink.server.config.KoeConfiguration  : OS: Windows 10, Arch: amd64
2022-06-30 19:06:30.001  WARN 15668 --- [main] lavalink.server.config.KoeConfiguration  : This system and architecture appears to not support native audio sending! GC pauses may cause your bot to stutter during playback.
2022-06-30 19:06:30.165  INFO 15668 --- [main] o.s.s.concurrent.ThreadPoolTaskExecutor  : Initializing ExecutorService 'applicationTaskExecutor'
2022-06-30 19:06:30.398  INFO 15668 --- [main] org.xnio                                 : XNIO version 3.3.8.Final
2022-06-30 19:06:30.407  INFO 15668 --- [main] org.xnio.nio                             : XNIO NIO Implementation Version 3.3.8.Final
2022-06-30 19:06:30.474  INFO 15668 --- [main] o.s.b.w.e.u.UndertowServletWebServer     : Undertow started on port(s) 2333 (http) with context path ''
2022-06-30 19:06:30.478  INFO 15668 --- [main] lavalink.server.Launcher                 : Started Launcher in 2.541 seconds (JVM running for 2.987)
2022-06-30 19:06:30.479  INFO 15668 --- [main] lavalink.server.Launcher                 : You can safely ignore the big red warning about illegal reflection. See https://github.com/freyacodes/Lavalink/issues/295
2022-06-30 19:06:50.488  INFO 15668 --- [XNIO-1 task-1] io.undertow.servlet                      : Initializing Spring DispatcherServlet 'dispatcherServlet'
2022-06-30 19:06:50.489  INFO 15668 --- [XNIO-1 task-1] o.s.web.servlet.DispatcherServlet        : Initializing Servlet 'dispatcherServlet'
2022-06-30 19:06:50.496  INFO 15668 --- [XNIO-1 task-1] o.s.web.servlet.DispatcherServlet        : Completed initialization in 5 ms
2022-06-30 19:06:50.513  INFO 15668 --- [XNIO-1 task-1] l.server.io.HandshakeInterceptorImpl     : Incoming connection from /127.0.0.1:57222
2022-06-30 19:06:50.566  INFO 15668 --- [XNIO-1 task-1] lavalink.server.io.SocketServer          : Connection successfully established from Victoria/5.2.8.0
2022-06-30 19:06:59.275  INFO 15668 --- [XNIO-1 I/O-6] lavalink.server.io.SocketServer          : {"guildId":"553003755390369803","sessionId":"df16bd4c10795d730a7c505313202fd2","event":{"token":"73a0f8a55a8a3a75","endpoint":"russia3791.discord.media:443"},"op":"voiceUpdate"}
2022-06-30 19:07:00.380  INFO 15668 --- [XNIO-1 task-2] l.server.player.AudioLoaderRestHandler   : Got request to load for identifier "https://www.youtube.com/watch?v=UUgSzLzxJyo"
2022-06-30 19:07:01.521  INFO 15668 --- [lava-daemon-pool-info-loader-2-thread-1] lavalink.server.player.AudioLoader       : Loaded track 20 second video amazing
2022-06-30 19:07:01.983  INFO 15668 --- [XNIO-1 I/O-6] lavalink.server.io.SocketServer          : {"track":"QAAAewIAFzIwIHNlY29uZCB2aWRlbyBhbWF6aW5nAApuaXlhc3B2IHB2AAAAAAAARlAAC1VVZ1N6THp4SnlvAAEAK2h0dHBzOi8vd3d3LnlvdXR1YmUuY29tL3dhdGNoP3Y9VVVnU3pMenhKeW8AB3lvdXR1YmUAAAAAAAAAAA==","guildId":"553003755390369803","op":"play"}
2022-06-30 19:07:09.916  INFO 15668 --- [XNIO-1 task-4] l.server.player.AudioLoaderRestHandler   : Got request to load for identifier "ytsearch:sex whales dead to me"
2022-06-30 19:07:10.535  INFO 15668 --- [lava-daemon-pool-info-loader-2-thread-1] lavalink.server.player.AudioLoader       : Loaded playlist Search results for: sex whales dead to me
2022-06-30 19:07:20.495  INFO 15668 --- [XNIO-1 I/O-6] lavalink.server.io.SocketServer          : {"track":"QAAAmwIANlNleCBXaGFsZXMgJiBGcmF4byAtIERlYWQgVG8gTWUgKGZlYXQuIExveCBDaGF0dGVyYm94KQALVHJhcCBOYXRpb24AAAAAAAOGWAALNjRhQS1RajVaY0UAAQAraHR0cHM6Ly93d3cueW91dHViZS5jb20vd2F0Y2g/dj02NGFBLVFqNVpjRQAHeW91dHViZQAAAAAAAAAA","volume":100,"guildId":"553003755390369803","op":"play"}
2022-06-30 19:07:20.495  WARN 15668 --- [XNIO-1 I/O-6] lavalink.server.io.WebSocketHandlers     : The volume property in the play operation has been deprecatedand will be removed in v4. Please configure a filter instead. Note that the new filter takes a float value with 1.0 being 100%
2022-06-30 19:11:24.450  INFO 12032 --- [main] lavalink.server.Launcher                 : 

[32m       .  [31m _                  _ _       _    [32m__ _ _
[32m      /\\ [31m| | __ ___   ____ _| (_)_ __ | | __[32m\ \ \ \
[32m     ( ( )[31m| |/ _` \ \ / / _` | | | '_ \| |/ /[32m \ \ \ \
[32m      \\/ [31m| | (_| |\ V / (_| | | | | | |   < [32m  ) ) ) )
[32m       '  [31m|_|\__,_| \_/ \__,_|_|_|_| |_|_|\_\[32m / / / /
[0m    =========================================[32m/_/_/_/[0m

	Version:        3.4
	Build:          1257
	Build time:     26.10.2021 14:18:37 UTC
	Branch          master
	Commit:         a364833
	Commit time:    26.10.2021 14:15:20 UTC
	JVM:            11.0.15.1
	Lavaplayer      1.3.96-original

2022-06-30 19:11:24.530  INFO 12032 --- [main] lavalink.server.Launcher                 : Starting Launcher on DESKTOP-GFKPCCM with PID 12032 (C:\Users\delis\Desktop\Discrod-C#-bot\Discord-Music-Bot\Lavalink.jar started by delis in C:\Users\delis\Desktop\Discrod-C#-bot\Discord-Music-Bot)
2022-06-30 19:11:24.530  INFO 12032 --- [main] lavalink.server.Launcher                 : No active profile set, falling back to default profiles: default
2022-06-30 19:11:24.597  WARN 12032 --- [background-preinit] o.s.h.c.j.Jackson2ObjectMapperBuilder    : For Jackson Kotlin classes support please add "com.fasterxml.jackson.module:jackson-module-kotlin" to the classpath
2022-06-30 19:11:25.522  WARN 12032 --- [main] io.undertow.websockets.jsr               : UT026010: Buffer pool was not set on WebSocketDeploymentInfo, the default pool will be used
2022-06-30 19:11:25.546  INFO 12032 --- [main] io.undertow.servlet                      : Initializing Spring embedded WebApplicationContext
2022-06-30 19:11:25.546  INFO 12032 --- [main] o.s.web.context.ContextLoader            : Root WebApplicationContext: initialization completed in 985 ms
2022-06-30 19:11:25.823  WARN 12032 --- [main] l.server.config.SentryConfiguration      : Turning off sentry
2022-06-30 19:11:26.021  INFO 12032 --- [main] c.s.d.l.tools.GarbageCollectionMonitor   : GC monitoring enabled, reporting results every 2 minutes.
2022-06-30 19:11:26.152  INFO 12032 --- [main] lavalink.server.config.KoeConfiguration  : OS: Windows 10, Arch: amd64
2022-06-30 19:11:26.152  WARN 12032 --- [main] lavalink.server.config.KoeConfiguration  : This system and architecture appears to not support native audio sending! GC pauses may cause your bot to stutter during playback.
2022-06-30 19:11:26.308  INFO 12032 --- [main] o.s.s.concurrent.ThreadPoolTaskExecutor  : Initializing ExecutorService 'applicationTaskExecutor'
2022-06-30 19:11:26.531  INFO 12032 --- [main] org.xnio                                 : XNIO version 3.3.8.Final
2022-06-30 19:11:26.540  INFO 12032 --- [main] org.xnio.nio                             : XNIO NIO Implementation Version 3.3.8.Final
2022-06-30 19:11:26.600  INFO 12032 --- [main] o.s.b.w.e.u.UndertowServletWebServer     : Undertow started on port(s) 2333 (http) with context path ''
2022-06-30 19:11:26.603  INFO 12032 --- [main] lavalink.server.Launcher                 : Started Launcher in 2.564 seconds (JVM running for 2.944)
2022-06-30 19:11:26.605  INFO 12032 --- [main] lavalink.server.Launcher                 : You can safely ignore the big red warning about illegal reflection. See https://github.com/freyacodes/Lavalink/issues/295
2022-06-30 19:11:29.310  INFO 12032 --- [XNIO-1 task-1] io.undertow.servlet                      : Initializing Spring DispatcherServlet 'dispatcherServlet'
2022-06-30 19:11:29.311  INFO 12032 --- [XNIO-1 task-1] o.s.web.servlet.DispatcherServlet        : Initializing Servlet 'dispatcherServlet'
2022-06-30 19:11:29.316  INFO 12032 --- [XNIO-1 task-1] o.s.web.servlet.DispatcherServlet        : Completed initialization in 5 ms
2022-06-30 19:11:29.332  INFO 12032 --- [XNIO-1 task-1] l.server.io.HandshakeInterceptorImpl     : Incoming connection from /127.0.0.1:59560
2022-06-30 19:11:29.381  INFO 12032 --- [XNIO-1 task-1] lavalink.server.io.SocketServer          : Connection successfully established from Victoria/5.2.8.0
2022-06-30 19:11:50.804  INFO 20428 --- [main] lavalink.server.Launcher                 : 

[32m       .  [31m _                  _ _       _    [32m__ _ _
[32m      /\\ [31m| | __ ___   ____ _| (_)_ __ | | __[32m\ \ \ \
[32m     ( ( )[31m| |/ _` \ \ / / _` | | | '_ \| |/ /[32m \ \ \ \
[32m      \\/ [31m| | (_| |\ V / (_| | | | | | |   < [32m  ) ) ) )
[32m       '  [31m|_|\__,_| \_/ \__,_|_|_|_| |_|_|\_\[32m / / / /
[0m    =========================================[32m/_/_/_/[0m

	Version:        3.4
	Build:          1257
	Build time:     26.10.2021 14:18:37 UTC
	Branch          master
	Commit:         a364833
	Commit time:    26.10.2021 14:15:20 UTC
	JVM:            11.0.15.1
	Lavaplayer      1.3.96-original

2022-06-30 19:11:50.880  INFO 20428 --- [main] lavalink.server.Launcher                 : Starting Launcher on DESKTOP-GFKPCCM with PID 20428 (C:\Users\delis\Desktop\Discrod-C#-bot\Discord-Music-Bot\Lavalink.jar started by delis in C:\Users\delis\Desktop\Discrod-C#-bot\Discord-Music-Bot)
2022-06-30 19:11:50.881  INFO 20428 --- [main] lavalink.server.Launcher                 : No active profile set, falling back to default profiles: default
2022-06-30 19:11:50.959  WARN 20428 --- [background-preinit] o.s.h.c.j.Jackson2ObjectMapperBuilder    : For Jackson Kotlin classes support please add "com.fasterxml.jackson.module:jackson-module-kotlin" to the classpath
2022-06-30 19:11:51.830  WARN 20428 --- [main] io.undertow.websockets.jsr               : UT026010: Buffer pool was not set on WebSocketDeploymentInfo, the default pool will be used
2022-06-30 19:11:51.849  INFO 20428 --- [main] io.undertow.servlet                      : Initializing Spring embedded WebApplicationContext
2022-06-30 19:11:51.849  INFO 20428 --- [main] o.s.web.context.ContextLoader            : Root WebApplicationContext: initialization completed in 937 ms
2022-06-30 19:11:52.133  WARN 20428 --- [main] l.server.config.SentryConfiguration      : Turning off sentry
2022-06-30 19:11:52.364  INFO 20428 --- [main] c.s.d.l.tools.GarbageCollectionMonitor   : GC monitoring enabled, reporting results every 2 minutes.
2022-06-30 19:11:52.497  INFO 20428 --- [main] lavalink.server.config.KoeConfiguration  : OS: Windows 10, Arch: amd64
2022-06-30 19:11:52.497  WARN 20428 --- [main] lavalink.server.config.KoeConfiguration  : This system and architecture appears to not support native audio sending! GC pauses may cause your bot to stutter during playback.
2022-06-30 19:11:52.646  INFO 20428 --- [main] o.s.s.concurrent.ThreadPoolTaskExecutor  : Initializing ExecutorService 'applicationTaskExecutor'
2022-06-30 19:11:52.863  INFO 20428 --- [main] org.xnio                                 : XNIO version 3.3.8.Final
2022-06-30 19:11:52.872  INFO 20428 --- [main] org.xnio.nio                             : XNIO NIO Implementation Version 3.3.8.Final
2022-06-30 19:11:52.938  INFO 20428 --- [main] ConditionEvaluationReportLoggingListener : 

Error starting ApplicationContext. To display the conditions report re-run your application with 'debug' enabled.
2022-06-30 19:11:52.943 ERROR 20428 --- [main] lavalink.server.Launcher                 : Application failed

org.springframework.boot.web.server.PortInUseException: Port 2333 is already in use
	at org.springframework.boot.web.embedded.undertow.UndertowServletWebServer.start(UndertowServletWebServer.java:154) ~[spring-boot-2.1.8.RELEASE.jar!/:2.1.8.RELEASE]
	at org.springframework.boot.web.servlet.context.ServletWebServerApplicationContext.startWebServer(ServletWebServerApplicationContext.java:297) ~[spring-boot-2.1.8.RELEASE.jar!/:2.1.8.RELEASE]
	at org.springframework.boot.web.servlet.context.ServletWebServerApplicationContext.finishRefresh(ServletWebServerApplicationContext.java:163) ~[spring-boot-2.1.8.RELEASE.jar!/:2.1.8.RELEASE]
	at org.springframework.context.support.AbstractApplicationContext.refresh(AbstractApplicationContext.java:552) ~[spring-context-5.1.9.RELEASE.jar!/:5.1.9.RELEASE]
	at org.springframework.boot.web.servlet.context.ServletWebServerApplicationContext.refresh(ServletWebServerApplicationContext.java:141) ~[spring-boot-2.1.8.RELEASE.jar!/:2.1.8.RELEASE]
	at org.springframework.boot.SpringApplication.refresh(SpringApplication.java:744) ~[spring-boot-2.1.8.RELEASE.jar!/:2.1.8.RELEASE]
	at org.springframework.boot.SpringApplication.refreshContext(SpringApplication.java:391) ~[spring-boot-2.1.8.RELEASE.jar!/:2.1.8.RELEASE]
	at org.springframework.boot.SpringApplication.run(SpringApplication.java:312) ~[spring-boot-2.1.8.RELEASE.jar!/:2.1.8.RELEASE]
	at lavalink.server.Launcher.main(Launcher.kt:127) ~[classes!/:na]
	at java.base/jdk.internal.reflect.NativeMethodAccessorImpl.invoke0(Native Method) ~[na:na]
	at java.base/jdk.internal.reflect.NativeMethodAccessorImpl.invoke(NativeMethodAccessorImpl.java:62) ~[na:na]
	at java.base/jdk.internal.reflect.DelegatingMethodAccessorImpl.invoke(DelegatingMethodAccessorImpl.java:43) ~[na:na]
	at java.base/java.lang.reflect.Method.invoke(Method.java:566) ~[na:na]
	at org.springframework.boot.loader.MainMethodRunner.run(MainMethodRunner.java:48) ~[Lavalink.jar:na]
	at org.springframework.boot.loader.Launcher.launch(Launcher.java:87) ~[Lavalink.jar:na]
	at org.springframework.boot.loader.Launcher.launch(Launcher.java:51) ~[Lavalink.jar:na]
	at org.springframework.boot.loader.JarLauncher.main(JarLauncher.java:52) ~[Lavalink.jar:na]

2022-06-30 19:11:52.945 ERROR 20428 --- [main] o.s.b.d.LoggingFailureAnalysisReporter   : 

***************************
APPLICATION FAILED TO START
***************************

Description:

Web server failed to start. Port 2333 was already in use.

Action:

Identify and stop the process that's listening on port 2333 or configure this application to listen on another port.

2022-06-30 19:11:52.948  INFO 20428 --- [main] o.s.s.concurrent.ThreadPoolTaskExecutor  : Shutting down ExecutorService 'applicationTaskExecutor'
2022-06-30 19:11:52.949  INFO 20428 --- [main] c.s.d.l.tools.GarbageCollectionMonitor   : GC monitoring disabled.
2022-06-30 19:12:07.116  INFO 12032 --- [XNIO-1 I/O-4] lavalink.server.io.SocketServer          : {"guildId":"553003755390369803","sessionId":"3580f7812e6166b619714001b8f8ea95","event":{"token":"d41e947079d943a0","endpoint":"russia3791.discord.media:443"},"op":"voiceUpdate"}
2022-06-30 19:12:07.290  INFO 12032 --- [XNIO-1 task-2] l.server.player.AudioLoaderRestHandler   : Got request to load for identifier "https://www.youtube.com/watch?v=UUgSzLzxJyo"
2022-06-30 19:12:08.875  INFO 12032 --- [lava-daemon-pool-info-loader-2-thread-1] lavalink.server.player.AudioLoader       : Loaded track 20 second video amazing
2022-06-30 19:12:09.637  INFO 12032 --- [XNIO-1 I/O-4] lavalink.server.io.SocketServer          : {"track":"QAAAewIAFzIwIHNlY29uZCB2aWRlbyBhbWF6aW5nAApuaXlhc3B2IHB2AAAAAAAARlAAC1VVZ1N6THp4SnlvAAEAK2h0dHBzOi8vd3d3LnlvdXR1YmUuY29tL3dhdGNoP3Y9VVVnU3pMenhKeW8AB3lvdXR1YmUAAAAAAAAAAA==","guildId":"553003755390369803","op":"play"}
2022-06-30 19:12:20.669  INFO 12032 --- [XNIO-1 I/O-4] lavalink.server.io.SocketServer          : {"guildId":"553003755390369803","op":"stop"}
2022-06-30 19:12:26.160  INFO 12032 --- [XNIO-1 task-4] l.server.player.AudioLoaderRestHandler   : Got request to load for identifier "ytsearch:sex whales dead to me"
2022-06-30 19:12:27.024  INFO 12032 --- [lava-daemon-pool-info-loader-2-thread-1] lavalink.server.player.AudioLoader       : Loaded playlist Search results for: sex whales dead to me
2022-06-30 19:12:27.386  INFO 12032 --- [XNIO-1 I/O-4] lavalink.server.io.SocketServer          : {"track":"QAAAmwIANlNleCBXaGFsZXMgJiBGcmF4byAtIERlYWQgVG8gTWUgKGZlYXQuIExveCBDaGF0dGVyYm94KQALVHJhcCBOYXRpb24AAAAAAAOGWAALNjRhQS1RajVaY0UAAQAraHR0cHM6Ly93d3cueW91dHViZS5jb20vd2F0Y2g/dj02NGFBLVFqNVpjRQAHeW91dHViZQAAAAAAAAAA","guildId":"553003755390369803","op":"play"}
2022-06-30 19:13:15.064  INFO 17660 --- [main] lavalink.server.Launcher                 : 

[32m       .  [31m _                  _ _       _    [32m__ _ _
[32m      /\\ [31m| | __ ___   ____ _| (_)_ __ | | __[32m\ \ \ \
[32m     ( ( )[31m| |/ _` \ \ / / _` | | | '_ \| |/ /[32m \ \ \ \
[32m      \\/ [31m| | (_| |\ V / (_| | | | | | |   < [32m  ) ) ) )
[32m       '  [31m|_|\__,_| \_/ \__,_|_|_|_| |_|_|\_\[32m / / / /
[0m    =========================================[32m/_/_/_/[0m

	Version:        3.4
	Build:          1257
	Build time:     26.10.2021 14:18:37 UTC
	Branch          master
	Commit:         a364833
	Commit time:    26.10.2021 14:15:20 UTC
	JVM:            11.0.15.1
	Lavaplayer      1.3.96-original

2022-06-30 19:13:15.144  INFO 17660 --- [main] lavalink.server.Launcher                 : Starting Launcher on DESKTOP-GFKPCCM with PID 17660 (C:\Users\delis\Desktop\Discrod-C#-bot\Discord-Music-Bot\Lavalink.jar started by delis in C:\Users\delis\Desktop\Discrod-C#-bot\Discord-Music-Bot)
2022-06-30 19:13:15.144  INFO 17660 --- [main] lavalink.server.Launcher                 : No active profile set, falling back to default profiles: default
2022-06-30 19:13:15.225  WARN 17660 --- [background-preinit] o.s.h.c.j.Jackson2ObjectMapperBuilder    : For Jackson Kotlin classes support please add "com.fasterxml.jackson.module:jackson-module-kotlin" to the classpath
2022-06-30 19:13:16.236  WARN 17660 --- [main] io.undertow.websockets.jsr               : UT026010: Buffer pool was not set on WebSocketDeploymentInfo, the default pool will be used
2022-06-30 19:13:16.258  INFO 17660 --- [main] io.undertow.servlet                      : Initializing Spring embedded WebApplicationContext
2022-06-30 19:13:16.259  INFO 17660 --- [main] o.s.web.context.ContextLoader            : Root WebApplicationContext: initialization completed in 1081 ms
2022-06-30 19:13:16.603  WARN 17660 --- [main] l.server.config.SentryConfiguration      : Turning off sentry
2022-06-30 19:13:16.819  INFO 17660 --- [main] c.s.d.l.tools.GarbageCollectionMonitor   : GC monitoring enabled, reporting results every 2 minutes.
2022-06-30 19:13:16.954  INFO 17660 --- [main] lavalink.server.config.KoeConfiguration  : OS: Windows 10, Arch: amd64
2022-06-30 19:13:16.955  WARN 17660 --- [main] lavalink.server.config.KoeConfiguration  : This system and architecture appears to not support native audio sending! GC pauses may cause your bot to stutter during playback.
2022-06-30 19:13:17.121  INFO 17660 --- [main] o.s.s.concurrent.ThreadPoolTaskExecutor  : Initializing ExecutorService 'applicationTaskExecutor'
2022-06-30 19:13:17.373  INFO 17660 --- [main] org.xnio                                 : XNIO version 3.3.8.Final
2022-06-30 19:13:17.395  INFO 17660 --- [main] org.xnio.nio                             : XNIO NIO Implementation Version 3.3.8.Final
2022-06-30 19:13:17.446  INFO 17660 --- [main] o.s.b.w.e.u.UndertowServletWebServer     : Undertow started on port(s) 2333 (http) with context path ''
2022-06-30 19:13:17.450  INFO 17660 --- [main] lavalink.server.Launcher                 : Started Launcher in 2.766 seconds (JVM running for 3.127)
2022-06-30 19:13:17.452  INFO 17660 --- [main] lavalink.server.Launcher                 : You can safely ignore the big red warning about illegal reflection. See https://github.com/freyacodes/Lavalink/issues/295
2022-06-30 19:14:03.989  INFO 17660 --- [XNIO-1 task-1] io.undertow.servlet                      : Initializing Spring DispatcherServlet 'dispatcherServlet'
2022-06-30 19:14:03.990  INFO 17660 --- [XNIO-1 task-1] o.s.web.servlet.DispatcherServlet        : Initializing Servlet 'dispatcherServlet'
2022-06-30 19:14:03.995  INFO 17660 --- [XNIO-1 task-1] o.s.web.servlet.DispatcherServlet        : Completed initialization in 5 ms
2022-06-30 19:14:04.014  INFO 17660 --- [XNIO-1 task-1] l.server.io.HandshakeInterceptorImpl     : Incoming connection from /127.0.0.1:59811
2022-06-30 19:14:04.073  INFO 17660 --- [XNIO-1 task-1] lavalink.server.io.SocketServer          : Connection successfully established from Victoria/5.2.8.0
2022-06-30 19:14:15.825  INFO 17660 --- [XNIO-1 task-2] l.server.player.AudioLoaderRestHandler   : Got request to load for identifier "https://www.youtube.com/watch?v=UUgSzLzxJyo"
2022-06-30 19:14:16.087  INFO 17660 --- [XNIO-1 I/O-3] lavalink.server.io.SocketServer          : {"guildId":"553003755390369803","sessionId":"290645bfc30c67bb0db25ebc92fde7ae","event":{"token":"0d4501192def7950","endpoint":"russia3791.discord.media:443"},"op":"voiceUpdate"}
2022-06-30 19:14:17.192  INFO 17660 --- [lava-daemon-pool-info-loader-2-thread-1] lavalink.server.player.AudioLoader       : Loaded track 20 second video amazing
2022-06-30 19:14:29.596  INFO 17660 --- [XNIO-1 I/O-3] lavalink.server.io.SocketServer          : {"track":"QAAAewIAFzIwIHNlY29uZCB2aWRlbyBhbWF6aW5nAApuaXlhc3B2IHB2AAAAAAAARlAAC1VVZ1N6THp4SnlvAAEAK2h0dHBzOi8vd3d3LnlvdXR1YmUuY29tL3dhdGNoP3Y9VVVnU3pMenhKeW8AB3lvdXR1YmUAAAAAAAAAAA==","guildId":"553003755390369803","op":"play"}
2022-06-30 19:14:58.816  INFO 17660 --- [XNIO-1 I/O-3] lavalink.server.io.SocketServer          : {"guildId":"553003755390369803","op":"stop"}
2022-06-30 19:14:58.817  INFO 17660 --- [XNIO-1 I/O-3] lavalink.server.io.SocketServer          : {"guildId":"553003755390369803","op":"destroy"}
2022-06-30 19:15:32.090  INFO 17660 --- [XNIO-1 I/O-3] lavalink.server.io.SocketServer          : Connection closed from /127.0.0.1:59811 -- CloseStatus[code=1006, reason=]
2022-06-30 19:15:32.091  INFO 17660 --- [XNIO-1 I/O-3] lavalink.server.io.SocketContext         : Shutting down 0 playing players.
2022-06-30 19:16:07.865  INFO 17660 --- [XNIO-1 task-4] l.server.io.HandshakeInterceptorImpl     : Incoming connection from /127.0.0.1:59875
2022-06-30 19:16:07.868  INFO 17660 --- [XNIO-1 task-4] lavalink.server.io.SocketServer          : Connection successfully established from Victoria/5.2.8.0
2022-06-30 19:16:13.040  INFO 17660 --- [XNIO-1 I/O-7] lavalink.server.io.SocketServer          : {"guildId":"553003755390369803","sessionId":"a05dd84fbef173f72aac25ea8a926348","event":{"token":"91eec3dbb169afdf","endpoint":"russia3791.discord.media:443"},"op":"voiceUpdate"}
2022-06-30 19:16:13.154  INFO 17660 --- [XNIO-1 task-5] l.server.player.AudioLoaderRestHandler   : Got request to load for identifier "https://www.youtube.com/watch?v=UUgSzLzxJyo"
2022-06-30 19:16:13.251  INFO 17660 --- [lava-daemon-pool-info-loader-2-thread-1] lavalink.server.player.AudioLoader       : Loaded track 20 second video amazing
2022-06-30 19:16:13.605  INFO 17660 --- [XNIO-1 I/O-7] lavalink.server.io.SocketServer          : {"track":"QAAAewIAFzIwIHNlY29uZCB2aWRlbyBhbWF6aW5nAApuaXlhc3B2IHB2AAAAAAAARlAAC1VVZ1N6THp4SnlvAAEAK2h0dHBzOi8vd3d3LnlvdXR1YmUuY29tL3dhdGNoP3Y9VVVnU3pMenhKeW8AB3lvdXR1YmUAAAAAAAAAAA==","guildId":"553003755390369803","op":"play"}
2022-06-30 19:16:16.946  INFO 17660 --- [XNIO-1 I/O-7] lavalink.server.io.SocketServer          : Connection closed from /127.0.0.1:59875 -- CloseStatus[code=1006, reason=]
2022-06-30 19:16:16.947  INFO 17660 --- [XNIO-1 I/O-7] lavalink.server.io.SocketContext         : Shutting down 1 playing players.
2022-06-30 19:16:23.308  INFO 17660 --- [XNIO-1 task-7] l.server.io.HandshakeInterceptorImpl     : Incoming connection from /127.0.0.1:59896
2022-06-30 19:16:23.310  INFO 17660 --- [XNIO-1 task-7] lavalink.server.io.SocketServer          : Connection successfully established from Victoria/5.2.8.0
2022-06-30 19:16:26.966  INFO 17660 --- [XNIO-1 I/O-4] lavalink.server.io.SocketServer          : {"guildId":"553003755390369803","sessionId":"a4ef13078825ab26784c2115c6c83fa2","event":{"token":"91eec3dbb169afdf","endpoint":"russia3791.discord.media:443"},"op":"voiceUpdate"}
2022-06-30 19:16:27.111  INFO 17660 --- [XNIO-1 task-8] l.server.player.AudioLoaderRestHandler   : Got request to load for identifier "ytsearch:$p https://www.youtube.com/watch?v=UUgSzLzxJyo"
2022-06-30 19:16:27.549  INFO 17660 --- [lava-daemon-pool-info-loader-2-thread-1] lavalink.server.player.AudioLoader       : Loaded playlist Search results for: $p https://www.youtube.com/watch?v=UUgSzLzxJyo
2022-06-30 19:16:50.477  INFO 17660 --- [XNIO-1 I/O-4] lavalink.server.io.SocketServer          : {"track":"QAAAzAIAYlR3byBTdGVwcyBGcm9tIEhlbGwgJiBUaG9tYXMgQmVyZ2Vyc2VuIC0gMzYgVHJhY2tzIEJlc3Qgb2YgQWxsIHRpbWUgfCBNb3N0IFBvd2VyZnVsIEVwaWMgTXVzaWMgTWl4ABBFcGljIE11c2ljIE1hbmlhAAAAAAB2\u002BQgACzZGSlhqSmVPVTZRAAEAK2h0dHBzOi8vd3d3LnlvdXR1YmUuY29tL3dhdGNoP3Y9NkZKWGpKZU9VNlEAB3lvdXR1YmUAAAAAAAAAAA==","guildId":"553003755390369803","op":"play"}
2022-06-30 19:17:50.013  INFO 17660 --- [XNIO-1 I/O-4] lavalink.server.io.SocketServer          : Connection closed from /127.0.0.1:59896 -- CloseStatus[code=1006, reason=]
2022-06-30 19:17:50.014  INFO 17660 --- [XNIO-1 I/O-4] lavalink.server.io.SocketContext         : Shutting down 1 playing players.
2022-06-30 19:18:06.327  INFO 17660 --- [XNIO-1 task-10] l.server.io.HandshakeInterceptorImpl     : Incoming connection from /127.0.0.1:59965
2022-06-30 19:18:06.330  INFO 17660 --- [XNIO-1 task-10] lavalink.server.io.SocketServer          : Connection successfully established from Victoria/5.2.8.0
2022-06-30 19:18:10.010  INFO 17660 --- [XNIO-1 task-11] l.server.player.AudioLoaderRestHandler   : Got request to load for identifier "https://www.youtube.com/watch?v=UUgSzLzxJyo"
2022-06-30 19:18:10.109  INFO 17660 --- [lava-daemon-pool-info-loader-2-thread-1] lavalink.server.player.AudioLoader       : Loaded track 20 second video amazing
2022-06-30 19:18:10.358  INFO 17660 --- [XNIO-1 I/O-1] lavalink.server.io.SocketServer          : {"guildId":"553003755390369803","sessionId":"9f208787789a9ecc83ab907b5a8c4867","event":{"token":"91eec3dbb169afdf","endpoint":"russia3791.discord.media:443"},"op":"voiceUpdate"}
2022-06-30 19:18:10.496  INFO 17660 --- [XNIO-1 I/O-1] lavalink.server.io.SocketServer          : {"track":"QAAAewIAFzIwIHNlY29uZCB2aWRlbyBhbWF6aW5nAApuaXlhc3B2IHB2AAAAAAAARlAAC1VVZ1N6THp4SnlvAAEAK2h0dHBzOi8vd3d3LnlvdXR1YmUuY29tL3dhdGNoP3Y9VVVnU3pMenhKeW8AB3lvdXR1YmUAAAAAAAAAAA==","guildId":"553003755390369803","op":"play"}
2022-06-30 19:18:18.212  INFO 17660 --- [XNIO-1 I/O-1] lavalink.server.io.SocketServer          : Connection closed from /127.0.0.1:59965 -- CloseStatus[code=1006, reason=]
2022-06-30 19:18:18.213  INFO 17660 --- [XNIO-1 I/O-1] lavalink.server.io.SocketContext         : Shutting down 1 playing players.
2022-06-30 19:18:25.624  INFO 17660 --- [XNIO-1 task-13] l.server.io.HandshakeInterceptorImpl     : Incoming connection from /127.0.0.1:59990
2022-06-30 19:18:25.625  INFO 17660 --- [XNIO-1 task-13] lavalink.server.io.SocketServer          : Connection successfully established from Victoria/5.2.8.0
2022-06-30 19:18:34.076  INFO 17660 --- [XNIO-1 I/O-2] lavalink.server.io.SocketServer          : {"guildId":"553003755390369803","sessionId":"e4dcf9a14109e4ec116c853f007ba69f","event":{"token":"91eec3dbb169afdf","endpoint":"russia3791.discord.media:443"},"op":"voiceUpdate"}
2022-06-30 19:18:34.183  INFO 17660 --- [XNIO-1 task-14] l.server.player.AudioLoaderRestHandler   : Got request to load for identifier "https://www.youtube.com/watch?v=UUgSzLzxJyo"
2022-06-30 19:18:34.292  INFO 17660 --- [lava-daemon-pool-info-loader-2-thread-1] lavalink.server.player.AudioLoader       : Loaded track 20 second video amazing
2022-06-30 19:19:05.077  INFO 17660 --- [XNIO-1 I/O-2] lavalink.server.io.SocketServer          : {"track":"QAAAewIAFzIwIHNlY29uZCB2aWRlbyBhbWF6aW5nAApuaXlhc3B2IHB2AAAAAAAARlAAC1VVZ1N6THp4SnlvAAEAK2h0dHBzOi8vd3d3LnlvdXR1YmUuY29tL3dhdGNoP3Y9VVVnU3pMenhKeW8AB3lvdXR1YmUAAAAAAAAAAA==","guildId":"553003755390369803","op":"play"}
2022-06-30 19:19:38.052  INFO 17660 --- [XNIO-1 I/O-2] lavalink.server.io.SocketServer          : Connection closed from /127.0.0.1:59990 -- CloseStatus[code=1006, reason=]
2022-06-30 19:19:38.053  INFO 17660 --- [XNIO-1 I/O-2] lavalink.server.io.SocketContext         : Shutting down 0 playing players.
2022-06-30 19:22:42.684  INFO 17660 --- [XNIO-1 task-16] l.server.io.HandshakeInterceptorImpl     : Incoming connection from /127.0.0.1:60112
2022-06-30 19:22:42.686  INFO 17660 --- [XNIO-1 task-16] lavalink.server.io.SocketServer          : Connection successfully established from Victoria/5.2.8.0
2022-06-30 19:22:47.281  INFO 17660 --- [XNIO-1 task-17] l.server.player.AudioLoaderRestHandler   : Got request to load for identifier "https://www.youtube.com/watch?v=UUgSzLzxJyo"
2022-06-30 19:22:47.377  INFO 17660 --- [lava-daemon-pool-info-loader-2-thread-1] lavalink.server.player.AudioLoader       : Loaded track 20 second video amazing
2022-06-30 19:22:47.546  INFO 17660 --- [XNIO-1 I/O-4] lavalink.server.io.SocketServer          : {"guildId":"553003755390369803","sessionId":"dae419e06fabdceb460262a4d674f02e","event":{"token":"aa4b8aff5519687a","endpoint":"russia3791.discord.media:443"},"op":"voiceUpdate"}
2022-06-30 19:22:47.731  INFO 17660 --- [XNIO-1 I/O-4] lavalink.server.io.SocketServer          : {"track":"QAAAewIAFzIwIHNlY29uZCB2aWRlbyBhbWF6aW5nAApuaXlhc3B2IHB2AAAAAAAARlAAC1VVZ1N6THp4SnlvAAEAK2h0dHBzOi8vd3d3LnlvdXR1YmUuY29tL3dhdGNoP3Y9VVVnU3pMenhKeW8AB3lvdXR1YmUAAAAAAAAAAA==","guildId":"553003755390369803","op":"play"}
2022-06-30 19:23:05.980  INFO 17660 --- [XNIO-1 I/O-4] lavalink.server.io.SocketServer          : Connection closed from /127.0.0.1:60112 -- CloseStatus[code=1006, reason=]
2022-06-30 19:23:05.981  INFO 17660 --- [XNIO-1 I/O-4] lavalink.server.io.SocketContext         : Shutting down 1 playing players.
2022-06-30 19:23:32.390  INFO 17660 --- [XNIO-1 task-19] l.server.io.HandshakeInterceptorImpl     : Incoming connection from /127.0.0.1:60131
2022-06-30 19:23:32.392  INFO 17660 --- [XNIO-1 task-19] lavalink.server.io.SocketServer          : Connection successfully established from Victoria/5.2.8.0
2022-06-30 19:23:34.584  INFO 17660 --- [XNIO-1 I/O-11] lavalink.server.io.SocketServer          : {"guildId":"553003755390369803","sessionId":"68fbb53f2c1ff36ce9919291243277ef","event":{"token":"aa4b8aff5519687a","endpoint":"russia3791.discord.media:443"},"op":"voiceUpdate"}
2022-06-30 19:23:34.736  INFO 17660 --- [XNIO-1 task-20] l.server.player.AudioLoaderRestHandler   : Got request to load for identifier "https://www.youtube.com/watch?v=UUgSzLzxJyo"
2022-06-30 19:23:34.835  INFO 17660 --- [lava-daemon-pool-info-loader-2-thread-1] lavalink.server.player.AudioLoader       : Loaded track 20 second video amazing
2022-06-30 19:23:35.215  INFO 17660 --- [XNIO-1 I/O-11] lavalink.server.io.SocketServer          : {"track":"QAAAewIAFzIwIHNlY29uZCB2aWRlbyBhbWF6aW5nAApuaXlhc3B2IHB2AAAAAAAARlAAC1VVZ1N6THp4SnlvAAEAK2h0dHBzOi8vd3d3LnlvdXR1YmUuY29tL3dhdGNoP3Y9VVVnU3pMenhKeW8AB3lvdXR1YmUAAAAAAAAAAA==","guildId":"553003755390369803","op":"play"}
2022-06-30 19:23:37.558  INFO 17660 --- [XNIO-1 I/O-11] lavalink.server.io.SocketServer          : Connection closed from /127.0.0.1:60131 -- CloseStatus[code=1006, reason=]
2022-06-30 19:23:37.558  INFO 17660 --- [XNIO-1 I/O-11] lavalink.server.io.SocketContext         : Shutting down 1 playing players.
